c:\users\garrick\documents\framework\framework\marrakesh\debug\marrakesh.obj
c:\users\garrick\documents\framework\framework\marrakesh\debug\texture.obj
c:\users\garrick\documents\framework\framework\marrakesh\debug\vertex.obj
c:\users\garrick\documents\framework\framework\marrakesh\debug\shader.obj
c:\users\garrick\documents\framework\framework\marrakesh\debug\jsoncpp.obj
c:\users\garrick\documents\framework\framework\marrakesh\debug\tga.obj
c:\users\garrick\documents\framework\framework\marrakesh\debug\math.obj
c:\users\garrick\documents\framework\framework\marrakesh\debug\mesh.obj
c:\users\garrick\documents\framework\framework\marrakesh\debug\terrain.obj
c:\users\garrick\documents\framework\framework\marrakesh\debug\camera.obj
c:\users\garrick\documents\framework\framework\marrakesh\debug\object.obj
c:\users\garrick\documents\framework\framework\marrakesh\debug\scene.obj
c:\users\garrick\documents\framework\framework\marrakesh\debug\meshloader.obj
c:\users\garrick\documents\framework\framework\marrakesh\debug\shaderloader.obj
c:\users\garrick\documents\framework\framework\marrakesh\debug\textureloader.obj
c:\users\garrick\documents\framework\framework\marrakesh\debug\timemanager.obj
c:\users\garrick\documents\framework\framework\marrakesh\debug\application.obj
c:\users\garrick\documents\framework\framework\marrakesh\debug\vc140.pdb
c:\users\garrick\documents\framework\framework\marrakesh\debug\vc141.pdb
c:\users\garrick\documents\framework\framework\marrakesh\debug\gl3w.obj
c:\users\garrick\documents\framework\framework\marrakesh\debug\vc140.idb
c:\users\garrick\documents\framework\framework\marrakesh\debug\vc141.idb
c:\users\garrick\documents\framework\framework\\bin\marrakesh.pdb
c:\users\garrick\documents\framework\framework\marrakesh\debug\marrakesh.tlog\cl.command.1.tlog
c:\users\garrick\documents\framework\framework\marrakesh\debug\marrakesh.tlog\cl.read.1.tlog
c:\users\garrick\documents\framework\framework\marrakesh\debug\marrakesh.tlog\cl.write.1.tlog
c:\users\garrick\documents\framework\framework\marrakesh\debug\marrakesh.tlog\link-cvtres.read.1.tlog
c:\users\garrick\documents\framework\framework\marrakesh\debug\marrakesh.tlog\link-cvtres.write.1.tlog
c:\users\garrick\documents\framework\framework\marrakesh\debug\marrakesh.tlog\link-rc.read.1.tlog
c:\users\garrick\documents\framework\framework\marrakesh\debug\marrakesh.tlog\link-rc.write.1.tlog
c:\users\garrick\documents\framework\framework\marrakesh\debug\marrakesh.tlog\link.command.1.tlog
c:\users\garrick\documents\framework\framework\marrakesh\debug\marrakesh.tlog\link.read.1.tlog
c:\users\garrick\documents\framework\framework\marrakesh\debug\marrakesh.tlog\link.write.1.tlog
